<?xml version="1.0" encoding="UTF-8"?>
<testsuite xmlns:xsi="http://www.w3.org/2001/XMLSchema-instance" xsi:noNamespaceSchemaLocation="https://maven.apache.org/surefire/maven-surefire-plugin/xsd/surefire-test-report-3.0.xsd" version="3.0" name="TestAdd" time="0.413" tests="19" errors="0" skipped="0" failures="0">
  <properties>
[...]
</properties>
  <testcase name="TestAddStudentIdNull" classname="TestAdd" time="0.037">
    <system-out><![CDATA[Entitatea nu este valida! 

]]></system-out>
  </testcase>
  <testcase name="TestAddStudentInvalidGroupNumberLower" classname="TestAdd" time="0.002">
    <system-out><![CDATA[Entitatea nu este valida! 

]]></system-out>
  </testcase>
  <testcase name="TestAddAssignmentIdNotUnique" classname="TestAdd" time="0.102"/>
  <testcase name="TestAddStudentIdEmpty" classname="TestAdd" time="0.001">
    <system-out><![CDATA[Entitatea nu este valida! 

]]></system-out>
  </testcase>
  <testcase name="TestAddAssignmentSuccess" classname="TestAdd" time="0.007"/>
  <testcase name="TestAddStudentInvalidGroupNumberHigher" classname="TestAdd" time="0.002">
    <system-out><![CDATA[Entitatea nu este valida! 

]]></system-out>
  </testcase>
  <testcase name="TestAddAssignmentStartlineHigher" classname="TestAdd" time="0.002">
    <system-out><![CDATA[Entitatea nu este valida! 

]]></system-out>
  </testcase>
  <testcase name="TestAddStudentNameNull" classname="TestAdd" time="0.001">
    <system-out><![CDATA[Entitatea nu este valida! 

]]></system-out>
  </testcase>
  <testcase name="TestAddStudentSuccess" classname="TestAdd" time="0.007"/>
  <testcase name="TestAddAssignmentDescriptionNull" classname="TestAdd" time="0.001">
    <system-out><![CDATA[Entitatea nu este valida! 

]]></system-out>
  </testcase>
  <testcase name="TestAddAssignmentStartlineHigherThanDeadline" classname="TestAdd" time="0.001">
    <system-out><![CDATA[Entitatea nu este valida! 

]]></system-out>
  </testcase>
  <testcase name="TestAddAssignmentStartlineLower" classname="TestAdd" time="0.002">
    <system-out><![CDATA[Entitatea nu este valida! 

]]></system-out>
  </testcase>
  <testcase name="TestAddAssignmentIdNull" classname="TestAdd" time="0.001">
    <system-out><![CDATA[Entitatea nu este valida! 

]]></system-out>
  </testcase>
  <testcase name="TestAddStudentNameEmpty" classname="TestAdd" time="0.001">
    <system-out><![CDATA[Entitatea nu este valida! 

]]></system-out>
  </testcase>
  <testcase name="TestAddStudentIdNotUnique" classname="TestAdd" time="0.005"/>
  <testcase name="TestAddAssignmentDescriptionEmpty" classname="TestAdd" time="0.001">
    <system-out><![CDATA[Entitatea nu este valida! 

]]></system-out>
  </testcase>
  <testcase name="TestAddAssignmentDeadlineHigher" classname="TestAdd" time="0.001">
    <system-out><![CDATA[Entitatea nu este valida! 

]]></system-out>
  </testcase>
  <testcase name="TestAddAssignmentIdEmpty" classname="TestAdd" time="0.001">
    <system-out><![CDATA[Entitatea nu este valida! 

]]></system-out>
  </testcase>
  <testcase name="TestAddAssignmentDeadlineLower" classname="TestAdd" time="0.002">
    <system-out><![CDATA[Entitatea nu este valida! 

]]></system-out>
  </testcase>
</testsuite>